\BOOKMARK [1][-]{section.1}{VSoC}{}% 1
\BOOKMARK [2][-]{subsection.1.1}{Installation}{section.1}% 2
\BOOKMARK [2][-]{subsection.1.2}{Structure}{section.1}% 3
\BOOKMARK [2][-]{subsection.1.3}{Increase TCDM Size}{section.1}% 4
\BOOKMARK [1][-]{section.2}{Application Support}{}% 5
\BOOKMARK [2][-]{subsection.2.1}{Shared Memory Allocation}{section.2}% 6
\BOOKMARK [2][-]{subsection.2.2}{Initialization Flags}{section.2}% 7
\BOOKMARK [2][-]{subsection.2.3}{Global Pointers}{section.2}% 8
\BOOKMARK [2][-]{subsection.2.4}{Shared Memory Allocation}{section.2}% 9
\BOOKMARK [2][-]{subsection.2.5}{Barriers}{section.2}% 10
\BOOKMARK [2][-]{subsection.2.6}{Locks}{section.2}% 11
\BOOKMARK [1][-]{section.3}{Benchmarks}{}% 12
\BOOKMARK [2][-]{subsection.3.1}{Compilation}{section.3}% 13
\BOOKMARK [2][-]{subsection.3.2}{Execution}{section.3}% 14
\BOOKMARK [2][-]{subsection.3.3}{Summaries}{section.3}% 15
\BOOKMARK [3][-]{subsubsection.3.3.1}{Hello World}{subsection.3.3}% 16
\BOOKMARK [3][-]{subsubsection.3.3.2}{Count}{subsection.3.3}% 17
\BOOKMARK [3][-]{subsubsection.3.3.3}{Matrix Multiplication}{subsection.3.3}% 18
\BOOKMARK [3][-]{subsubsection.3.3.4}{C5}{subsection.3.3}% 19
\BOOKMARK [3][-]{subsubsection.3.3.5}{Patricia}{subsection.3.3}% 20
\BOOKMARK [3][-]{subsubsection.3.3.6}{Skiplist}{subsection.3.3}% 21
\BOOKMARK [3][-]{subsubsection.3.3.7}{Redblack}{subsection.3.3}% 22
\BOOKMARK [3][-]{subsubsection.3.3.8}{K-Means}{subsection.3.3}% 23
\BOOKMARK [3][-]{subsubsection.3.3.9}{Vacation}{subsection.3.3}% 24
\BOOKMARK [3][-]{subsubsection.3.3.10}{Genome}{subsection.3.3}% 25
\BOOKMARK [3][-]{subsubsection.3.3.11}{Labyrinth}{subsection.3.3}% 26
\BOOKMARK [3][-]{subsubsection.3.3.12}{ScalParC}{subsection.3.3}% 27
